2020-04-26 17:35:07,705:WARNING:discord.client: PyNaCl is not installed, voice will NOT be supported
2020-04-26 17:35:07,708:DEBUG:discord.client: on_ready has successfully been registered as an event
2020-04-26 17:35:07,708:DEBUG:discord.client: on_message has successfully been registered as an event
2020-04-26 17:35:07,709:INFO:discord.client: logging in using static token
2020-04-26 17:35:07,995:DEBUG:discord.http: GET https://discordapp.com/api/v7/users/@me with None has returned 200
2020-04-26 17:35:07,995:DEBUG:discord.http: GET https://discordapp.com/api/v7/users/@me has received {'id': '703957583396077648', 'username': 'Uncle Nintendo', 'avatar': None, 'discriminator': '2188', 'public_flags': 0, 'flags': 0, 'bot': True, 'email': None, 'verified': True, 'locale': 'en-US', 'mfa_enabled': False}
2020-04-26 17:35:08,016:DEBUG:discord.http: GET https://discordapp.com/api/v7/gateway with None has returned 200
2020-04-26 17:35:08,016:DEBUG:discord.http: GET https://discordapp.com/api/v7/gateway has received {'url': 'wss://gateway.discord.gg'}
2020-04-26 17:35:08,614:INFO:discord.gateway: Created websocket connected to wss://gateway.discord.gg?encoding=json&v=6&compress=zlib-stream
2020-04-26 17:35:08,614:DEBUG:discord.client: Dispatching event socket_raw_receive
2020-04-26 17:35:08,615:DEBUG:discord.gateway: For Shard ID None: WebSocket Event: {'t': None, 's': None, 'op': 10, 'd': {'heartbeat_interval': 41250, '_trace': ['["gateway-prd-main-7jhq",{"micros":0.0}]']}}
2020-04-26 17:35:08,615:DEBUG:discord.client: Dispatching event socket_response
2020-04-26 17:35:08,615:DEBUG:discord.client: Dispatching event socket_raw_send
2020-04-26 17:35:08,616:DEBUG:discord.client: Dispatching event socket_raw_send
2020-04-26 17:35:08,616:INFO:discord.gateway: Shard ID None has sent the IDENTIFY payload.
2020-04-26 17:35:08,736:DEBUG:discord.client: Dispatching event socket_raw_receive
2020-04-26 17:35:08,736:DEBUG:discord.gateway: For Shard ID None: WebSocket Event: {'t': None, 's': None, 'op': 11, 'd': None}
2020-04-26 17:35:08,736:DEBUG:discord.client: Dispatching event socket_response
2020-04-26 17:35:08,814:DEBUG:discord.client: Dispatching event socket_raw_receive
2020-04-26 17:35:08,814:DEBUG:discord.gateway: For Shard ID None: WebSocket Event: {'t': 'READY', 's': 1, 'op': 0, 'd': {'v': 6, 'user_settings': {}, 'user': {'verified': True, 'username': 'Uncle Nintendo', 'mfa_enabled': False, 'id': '703957583396077648', 'flags': 0, 'email': None, 'discriminator': '2188', 'bot': True, 'avatar': None}, 'session_id': '52e446395ed27b7edc00c43e259fca69', 'relationships': [], 'private_channels': [], 'presences': [], 'guilds': [{'unavailable': True, 'id': '703956227280994466'}], 'application': {'id': '703957583396077648', 'flags': 0}, '_trace': ['["gateway-prd-main-7jhq",{"micros":63529,"calls":["discord-sessions-prd-1-59",{"micros":61768,"calls":["start_session",{"micros":60582,"calls":["api-prd-main-us-east1-3ttr",{"micros":54343,"calls":["get_user",{"micros":10453},"add_authorized_ip",{"micros":2794},"get_guilds",{"micros":2212},"coros_wait",{"micros":2}]}]},"guilds_connect",{"micros":2,"calls":[]},"presence_connect",{"micros":357,"calls":[]}]}]}]']}}
2020-04-26 17:35:08,814:DEBUG:discord.client: Dispatching event socket_response
2020-04-26 17:35:08,814:INFO:discord.gateway: Shard ID None has connected to Gateway: ["gateway-prd-main-7jhq",{"micros":63529,"calls":["discord-sessions-prd-1-59",{"micros":61768,"calls":["start_session",{"micros":60582,"calls":["api-prd-main-us-east1-3ttr",{"micros":54343,"calls":["get_user",{"micros":10453},"add_authorized_ip",{"micros":2794},"get_guilds",{"micros":2212},"coros_wait",{"micros":2}]}]},"guilds_connect",{"micros":2,"calls":[]},"presence_connect",{"micros":357,"calls":[]}]}]}] (Session ID: 52e446395ed27b7edc00c43e259fca69).
2020-04-26 17:35:08,823:DEBUG:discord.client: Dispatching event connect
2020-04-26 17:35:08,823:DEBUG:discord.client: Dispatching event socket_raw_receive
2020-04-26 17:35:08,823:DEBUG:discord.gateway: For Shard ID None: WebSocket Event: {'t': 'GUILD_CREATE', 's': 2, 'op': 0, 'd': {'presences': [{'user': {'id': '277403361358118913'}, 'status': 'online', 'game': {'type': 4, 'state': '*Insert funny joke here*', 'name': 'Custom Status', 'id': 'custom', 'created_at': 1587903956326}, 'client_status': {'desktop': 'online'}, 'activities': [{'type': 4, 'state': '*Insert funny joke here*', 'name': 'Custom Status', 'id': 'custom', 'created_at': 1587903956326}]}, {'user': {'id': '455370586630258688'}, 'status': 'online', 'game': {'type': 2, 'timestamps': {'start': 1587915300310, 'end': 1587915547576}, 'sync_id': '57kR5SniQIbsbVoIjjOUDa', 'state': 'DJ Snake; AlunaGeorge', 'session_id': '34c47a4725bd98aeaa22c167b18bd953', 'party': {'id': 'spotify:455370586630258688'}, 'name': 'Spotify', 'id': 'spotify:1', 'flags': 48, 'details': 'You Know You Like It', 'created_at': 1587915302236, 'assets': {'large_text': 'You Know You Like It', 'large_image': 'spotify:ab67616d0000b273567a71695181017949f14f99'}}, 'client_status': {'desktop': 'online'}, 'activities': [{'type': 2, 'timestamps': {'start': 1587915300310, 'end': 1587915547576}, 'sync_id': '57kR5SniQIbsbVoIjjOUDa', 'state': 'DJ Snake; AlunaGeorge', 'session_id': '34c47a4725bd98aeaa22c167b18bd953', 'party': {'id': 'spotify:455370586630258688'}, 'name': 'Spotify', 'id': 'spotify:1', 'flags': 48, 'details': 'You Know You Like It', 'created_at': 1587915302236, 'assets': {'large_text': 'You Know You Like It', 'large_image': 'spotify:ab67616d0000b273567a71695181017949f14f99'}}]}, {'user': {'id': '703957583396077648'}, 'status': 'online', 'game': None, 'client_status': {'web': 'online'}, 'activities': []}], 'afk_channel_id': None, 'premium_tier': 0, 'members': [{'user': {'username': 'troy0h', 'public_flags': 256, 'id': '277403361358118913', 'discriminator': '1046', 'avatar': '03a5225d1f70ad80dcdfded1e48ced90'}, 'roles': [], 'premium_since': None, 'nick': None, 'mute': False, 'joined_at': '2020-04-26T13:41:00.246289+00:00', 'hoisted_role': None, 'deaf': False}, {'user': {'username': 'Joshi234', 'id': '455370586630258688', 'discriminator': '9828', 'avatar': 'e7bb89626e3ad222b9d318a07c66956a'}, 'roles': [], 'mute': False, 'joined_at': '2020-04-26T13:10:43.469000+00:00', 'hoisted_role': None, 'deaf': False}, {'user': {'username': 'TroysTestBot', 'id': '703710631018102815', 'discriminator': '9448', 'bot': True, 'avatar': None}, 'roles': ['703966554005438506'], 'premium_since': None, 'nick': None, 'mute': False, 'joined_at': '2020-04-26T13:51:45.606100+00:00', 'hoisted_role': None, 'deaf': False}, {'user': {'username': 'Uncle Nintendo', 'id': '703957583396077648', 'discriminator': '2188', 'bot': True, 'avatar': None}, 'roles': [], 'premium_since': None, 'nick': None, 'mute': False, 'joined_at': '2020-04-26T13:19:28.144121+00:00', 'hoisted_role': None, 'deaf': False}], 'unavailable': False, 'large': False, 'public_updates_channel_id': None, 'system_channel_flags': 0, 'preferred_locale': 'en-US', 'max_video_channel_users': 25, 'region': 'europe', 'icon': None, 'default_message_notifications': 0, 'premium_subscription_count': 0, 'features': [], 'splash': None, 'emojis': [], 'roles': [{'position': 0, 'permissions': 104320745, 'name': '@everyone', 'mentionable': False, 'managed': False, 'id': '703956227280994466', 'hoist': False, 'color': 0}, {'position': 1, 'permissions': 268495920, 'name': 'TroysTestBot', 'mentionable': False, 'managed': True, 'id': '703966554005438506', 'hoist': False, 'color': 0}], 'name': 'Bot Test Server', 'lazy': True, 'channels': [{'user_limit': 0, 'type': 4, 'position': 0, 'permission_overwrites': [], 'name': 'Textkanäle', 'id': '703956227280994467', 'bitrate': 64000}, {'user_limit': 0, 'type': 4, 'position': 0, 'permission_overwrites': [], 'name': 'Sprachkanäle', 'id': '703956227280994469', 'bitrate': 64000}, {'type': 0, 'topic': None, 'rate_limit_per_user': 0, 'position': 0, 'permission_overwrites': [], 'parent_id': '703956227280994467', 'name': 'Allgemein', 'last_message_id': '703992326376259604', 'id': '703956227280994470'}, {'user_limit': 0, 'type': 2, 'position': 0, 'permission_overwrites': [], 'parent_id': '703956227280994469', 'name': 'Allgemein', 'id': '703956227280994471', 'bitrate': 64000}], 'verification_level': 0, 'vanity_url_code': None, 'afk_timeout': 300, 'mfa_level': 0, 'system_channel_id': '703956227280994470', 'banner': None, 'owner_id': '455370586630258688', 'explicit_content_filter': 0, 'application_id': None, 'discovery_splash': None, 'voice_states': [], 'joined_at': '2020-04-26T13:19:28.144121+00:00', 'description': None, 'member_count': 4, 'rules_channel_id': None, 'id': '703956227280994466'}}
2020-04-26 17:35:08,824:DEBUG:discord.client: Dispatching event socket_response
2020-04-26 17:35:08,824:DEBUG:discord.client: Dispatching event guild_available
2020-04-26 17:35:10,824:DEBUG:discord.client: Dispatching event ready
2020-04-26 17:35:13,427:DEBUG:discord.client: Dispatching event socket_raw_receive
2020-04-26 17:35:13,427:DEBUG:discord.gateway: For Shard ID None: WebSocket Event: {'t': 'MESSAGE_CREATE', 's': 3, 'op': 0, 'd': {'type': 0, 'tts': False, 'timestamp': '2020-04-26T15:35:13.736000+00:00', 'pinned': False, 'mentions': [], 'mention_roles': [], 'mention_everyone': False, 'member': {'roles': [], 'mute': False, 'joined_at': '2020-04-26T13:10:43.469000+00:00', 'hoisted_role': None, 'deaf': False}, 'id': '703992593062559796', 'flags': 0, 'embeds': [], 'edited_timestamp': None, 'content': '', 'channel_id': '703956227280994470', 'author': {'username': 'Joshi234', 'public_flags': 0, 'id': '455370586630258688', 'discriminator': '9828', 'avatar': 'e7bb89626e3ad222b9d318a07c66956a'}, 'attachments': [{'url': 'https://cdn.discordapp.com/attachments/703956227280994470/703992593012490350/Yuzu_Mainline_OGl.txt', 'size': 7417, 'proxy_url': 'https://media.discordapp.net/attachments/703956227280994470/703992593012490350/Yuzu_Mainline_OGl.txt', 'id': '703992593012490350', 'filename': 'Yuzu_Mainline_OGl.txt'}], 'guild_id': '703956227280994466'}}
2020-04-26 17:35:13,428:DEBUG:discord.client: Dispatching event socket_response
2020-04-26 17:35:13,428:DEBUG:discord.client: Dispatching event message
2020-04-26 17:35:14,140:DEBUG:discord.client: Dispatching event socket_raw_receive
2020-04-26 17:35:14,140:DEBUG:discord.gateway: For Shard ID None: WebSocket Event: {'t': 'MESSAGE_CREATE', 's': 4, 'op': 0, 'd': {'type': 0, 'tts': False, 'timestamp': '2020-04-26T15:35:14.670000+00:00', 'pinned': False, 'mentions': [], 'mention_roles': [], 'mention_everyone': False, 'member': {'roles': [], 'premium_since': None, 'nick': None, 'mute': False, 'joined_at': '2020-04-26T13:19:28.144121+00:00', 'hoisted_role': None, 'deaf': False}, 'id': '703992596980301905', 'flags': 0, 'embeds': [{'type': 'rich', 'title': 'yuzu 239', 'thumbnail': {'width': 0, 'url': 'https://github.com/troy0h/LogBot/raw/master/bot/Logos/Yuzu.png', 'proxy_url': 'https://images-ext-2.discordapp.net/external/ImJmvc4G1YNRvC-q9lvlqfzLfeybhn80IAVFImTxD0s/https/github.com/troy0h/LogBot/raw/master/bot/Logos/Yuzu.png', 'height': 0}, 'fields': [{'value': 'AMD Ryzen 5 2600 Six-Core Processor', 'name': 'CPU', 'inline': False}, {'value': 'Radeon RX 570 Series', 'name': 'GPU', 'inline': False}, {'value': 'Windows 10 (10.0)', 'name': 'OS', 'inline': False}, {'value': 'OpenGl', 'name': 'Graphics API', 'inline': False}], 'description': 'Desc', 'color': 65280}], 'edited_timestamp': None, 'content': '', 'channel_id': '703956227280994470', 'author': {'username': 'Uncle Nintendo', 'public_flags': 0, 'id': '703957583396077648', 'discriminator': '2188', 'bot': True, 'avatar': None}, 'attachments': [], 'guild_id': '703956227280994466'}}
2020-04-26 17:35:14,140:DEBUG:discord.client: Dispatching event socket_response
2020-04-26 17:35:14,140:DEBUG:discord.client: Dispatching event message
2020-04-26 17:35:14,220:DEBUG:discord.http: POST https://discordapp.com/api/v7/channels/703956227280994470/messages with {"embed":{"thumbnail":{"url":"https://github.com/troy0h/LogBot/raw/master/bot/Logos/Yuzu.png"},"fields":[{"inline":false,"name":"CPU","value":" AMD Ryzen 5 2600 Six-Core Processor            \r\n"},{"inline":false,"name":"GPU","value":"Radeon RX 570 Series\r\n"},{"inline":false,"name":"OS","value":" Windows 10 (10.0)\r\n"},{"inline":false,"name":"Graphics API","value":"OpenGl"}],"color":65280,"type":"rich","description":"Desc","title":" yuzu 239 "}} has returned 200
2020-04-26 17:35:14,221:DEBUG:discord.http: POST https://discordapp.com/api/v7/channels/703956227280994470/messages has received {'id': '703992596980301905', 'type': 0, 'content': '', 'channel_id': '703956227280994470', 'author': {'id': '703957583396077648', 'username': 'Uncle Nintendo', 'avatar': None, 'discriminator': '2188', 'public_flags': 0, 'bot': True}, 'attachments': [], 'embeds': [{'type': 'rich', 'title': 'yuzu 239', 'description': 'Desc', 'color': 65280, 'fields': [{'name': 'CPU', 'value': 'AMD Ryzen 5 2600 Six-Core Processor', 'inline': False}, {'name': 'GPU', 'value': 'Radeon RX 570 Series', 'inline': False}, {'name': 'OS', 'value': 'Windows 10 (10.0)', 'inline': False}, {'name': 'Graphics API', 'value': 'OpenGl', 'inline': False}], 'thumbnail': {'url': 'https://github.com/troy0h/LogBot/raw/master/bot/Logos/Yuzu.png', 'proxy_url': 'https://images-ext-2.discordapp.net/external/ImJmvc4G1YNRvC-q9lvlqfzLfeybhn80IAVFImTxD0s/https/github.com/troy0h/LogBot/raw/master/bot/Logos/Yuzu.png', 'width': 0, 'height': 0}}], 'mentions': [], 'mention_roles': [], 'pinned': False, 'mention_everyone': False, 'tts': False, 'timestamp': '2020-04-26T15:35:14.670000+00:00', 'edited_timestamp': None, 'flags': 0}
2020-04-26 17:35:14,241:DEBUG:discord.client: Dispatching event socket_raw_receive
2020-04-26 17:35:14,241:DEBUG:discord.gateway: For Shard ID None: WebSocket Event: {'t': 'MESSAGE_UPDATE', 's': 5, 'op': 0, 'd': {'id': '703992596980301905', 'embeds': [{'type': 'rich', 'title': 'yuzu 239', 'thumbnail': {'width': 300, 'url': 'https://github.com/troy0h/LogBot/raw/master/bot/Logos/Yuzu.png', 'proxy_url': 'https://images-ext-2.discordapp.net/external/ImJmvc4G1YNRvC-q9lvlqfzLfeybhn80IAVFImTxD0s/https/github.com/troy0h/LogBot/raw/master/bot/Logos/Yuzu.png', 'height': 333}, 'fields': [{'value': 'AMD Ryzen 5 2600 Six-Core Processor', 'name': 'CPU', 'inline': False}, {'value': 'Radeon RX 570 Series', 'name': 'GPU', 'inline': False}, {'value': 'Windows 10 (10.0)', 'name': 'OS', 'inline': False}, {'value': 'OpenGl', 'name': 'Graphics API', 'inline': False}], 'description': 'Desc', 'color': 65280}], 'channel_id': '703956227280994470', 'guild_id': '703956227280994466'}}
2020-04-26 17:35:14,241:DEBUG:discord.client: Dispatching event socket_response
2020-04-26 17:35:14,241:DEBUG:discord.client: Dispatching event raw_message_edit
2020-04-26 17:35:14,242:DEBUG:discord.client: Dispatching event message_edit
2020-04-26 17:35:21,208:DEBUG:discord.client: Dispatching event socket_raw_receive
2020-04-26 17:35:21,208:DEBUG:discord.gateway: For Shard ID None: WebSocket Event: {'t': 'MESSAGE_CREATE', 's': 6, 'op': 0, 'd': {'type': 0, 'tts': False, 'timestamp': '2020-04-26T15:35:21.620000+00:00', 'pinned': False, 'mentions': [], 'mention_roles': [], 'mention_everyone': False, 'member': {'roles': [], 'mute': False, 'joined_at': '2020-04-26T13:10:43.469000+00:00', 'hoisted_role': None, 'deaf': False}, 'id': '703992626130583634', 'flags': 0, 'embeds': [], 'edited_timestamp': None, 'content': '', 'channel_id': '703956227280994470', 'author': {'username': 'Joshi234', 'public_flags': 0, 'id': '455370586630258688', 'discriminator': '9828', 'avatar': 'e7bb89626e3ad222b9d318a07c66956a'}, 'attachments': [{'url': 'https://cdn.discordapp.com/attachments/703956227280994470/703992625945903130/yuzu_log_vulkan.txt', 'size': 416160, 'proxy_url': 'https://media.discordapp.net/attachments/703956227280994470/703992625945903130/yuzu_log_vulkan.txt', 'id': '703992625945903130', 'filename': 'yuzu_log_vulkan.txt'}], 'guild_id': '703956227280994466'}}
2020-04-26 17:35:21,208:DEBUG:discord.client: Dispatching event socket_response
2020-04-26 17:35:21,208:DEBUG:discord.client: Dispatching event message
2020-04-26 17:35:22,097:DEBUG:discord.client: Dispatching event socket_raw_receive
2020-04-26 17:35:22,097:DEBUG:discord.gateway: For Shard ID None: WebSocket Event: {'t': 'MESSAGE_CREATE', 's': 7, 'op': 0, 'd': {'type': 0, 'tts': False, 'timestamp': '2020-04-26T15:35:22.685000+00:00', 'pinned': False, 'mentions': [], 'mention_roles': [], 'mention_everyone': False, 'member': {'roles': [], 'premium_since': None, 'nick': None, 'mute': False, 'joined_at': '2020-04-26T13:19:28.144121+00:00', 'hoisted_role': None, 'deaf': False}, 'id': '703992630597648474', 'flags': 0, 'embeds': [{'type': 'rich', 'title': 'yuzu Early Access 450', 'thumbnail': {'width': 0, 'url': 'https://github.com/troy0h/LogBot/raw/master/bot/Logos/YuzuEA.png', 'proxy_url': 'https://images-ext-1.discordapp.net/external/yVJGW8ir5ZyxyBbKbCZLdXichPuAE9k09HMxOyNWffE/https/github.com/troy0h/LogBot/raw/master/bot/Logos/YuzuEA.png', 'height': 0}, 'fields': [{'value': 'AMD Ryzen 5 2600 Six-Core Processor', 'name': 'CPU', 'inline': False}, {'value': 'Radeon RX 580 Series', 'name': 'GPU', 'inline': False}, {'value': 'Windows 10 (10.0)', 'name': 'OS', 'inline': False}, {'value': 'Vulkan', 'name': 'Graphics API', 'inline': False}, {'value': 'A really nice game', 'name': 'Last Played Game', 'inline': False}], 'description': 'Desc', 'color': 65280}], 'edited_timestamp': None, 'content': '', 'channel_id': '703956227280994470', 'author': {'username': 'Uncle Nintendo', 'public_flags': 0, 'id': '703957583396077648', 'discriminator': '2188', 'bot': True, 'avatar': None}, 'attachments': [], 'guild_id': '703956227280994466'}}
2020-04-26 17:35:22,098:DEBUG:discord.client: Dispatching event socket_response
2020-04-26 17:35:22,098:DEBUG:discord.client: Dispatching event message
2020-04-26 17:35:22,137:DEBUG:discord.http: POST https://discordapp.com/api/v7/channels/703956227280994470/messages with {"embed":{"thumbnail":{"url":"https://github.com/troy0h/LogBot/raw/master/bot/Logos/YuzuEA.png"},"fields":[{"inline":false,"name":"CPU","value":" AMD Ryzen 5 2600 Six-Core Processor            \r\n"},{"inline":false,"name":"GPU","value":"Radeon RX 580 Series\r\n"},{"inline":false,"name":"OS","value":" Windows 10 (10.0)\r\n"},{"inline":false,"name":"Graphics API","value":"Vulkan"},{"inline":false,"name":"Last Played Game","value":" A really nice game"}],"color":65280,"type":"rich","description":"Desc","title":" yuzu Early Access 450 "}} has returned 200
2020-04-26 17:35:22,138:DEBUG:discord.http: POST https://discordapp.com/api/v7/channels/703956227280994470/messages has received {'id': '703992630597648474', 'type': 0, 'content': '', 'channel_id': '703956227280994470', 'author': {'id': '703957583396077648', 'username': 'Uncle Nintendo', 'avatar': None, 'discriminator': '2188', 'public_flags': 0, 'bot': True}, 'attachments': [], 'embeds': [{'type': 'rich', 'title': 'yuzu Early Access 450', 'description': 'Desc', 'color': 65280, 'fields': [{'name': 'CPU', 'value': 'AMD Ryzen 5 2600 Six-Core Processor', 'inline': False}, {'name': 'GPU', 'value': 'Radeon RX 580 Series', 'inline': False}, {'name': 'OS', 'value': 'Windows 10 (10.0)', 'inline': False}, {'name': 'Graphics API', 'value': 'Vulkan', 'inline': False}, {'name': 'Last Played Game', 'value': 'A really nice game', 'inline': False}], 'thumbnail': {'url': 'https://github.com/troy0h/LogBot/raw/master/bot/Logos/YuzuEA.png', 'proxy_url': 'https://images-ext-1.discordapp.net/external/yVJGW8ir5ZyxyBbKbCZLdXichPuAE9k09HMxOyNWffE/https/github.com/troy0h/LogBot/raw/master/bot/Logos/YuzuEA.png', 'width': 0, 'height': 0}}], 'mentions': [], 'mention_roles': [], 'pinned': False, 'mention_everyone': False, 'tts': False, 'timestamp': '2020-04-26T15:35:22.685000+00:00', 'edited_timestamp': None, 'flags': 0}
2020-04-26 17:35:22,252:DEBUG:discord.client: Dispatching event socket_raw_receive
2020-04-26 17:35:22,252:DEBUG:discord.gateway: For Shard ID None: WebSocket Event: {'t': 'MESSAGE_UPDATE', 's': 8, 'op': 0, 'd': {'id': '703992630597648474', 'embeds': [{'type': 'rich', 'title': 'yuzu Early Access 450', 'thumbnail': {'width': 300, 'url': 'https://github.com/troy0h/LogBot/raw/master/bot/Logos/YuzuEA.png', 'proxy_url': 'https://images-ext-1.discordapp.net/external/yVJGW8ir5ZyxyBbKbCZLdXichPuAE9k09HMxOyNWffE/https/github.com/troy0h/LogBot/raw/master/bot/Logos/YuzuEA.png', 'height': 333}, 'fields': [{'value': 'AMD Ryzen 5 2600 Six-Core Processor', 'name': 'CPU', 'inline': False}, {'value': 'Radeon RX 580 Series', 'name': 'GPU', 'inline': False}, {'value': 'Windows 10 (10.0)', 'name': 'OS', 'inline': False}, {'value': 'Vulkan', 'name': 'Graphics API', 'inline': False}, {'value': 'A really nice game', 'name': 'Last Played Game', 'inline': False}], 'description': 'Desc', 'color': 65280}], 'channel_id': '703956227280994470', 'guild_id': '703956227280994466'}}
2020-04-26 17:35:22,253:DEBUG:discord.client: Dispatching event socket_response
2020-04-26 17:35:22,253:DEBUG:discord.client: Dispatching event raw_message_edit
2020-04-26 17:35:22,253:DEBUG:discord.client: Dispatching event message_edit
2020-04-26 17:35:25,470:DEBUG:discord.client: Dispatching event socket_raw_receive
2020-04-26 17:35:25,470:DEBUG:discord.gateway: For Shard ID None: WebSocket Event: {'t': 'TYPING_START', 's': 9, 'op': 0, 'd': {'user_id': '455370586630258688', 'timestamp': 1587915326, 'member': {'user': {'username': 'Joshi234', 'id': '455370586630258688', 'discriminator': '9828', 'avatar': 'e7bb89626e3ad222b9d318a07c66956a'}, 'roles': [], 'mute': False, 'joined_at': '2020-04-26T13:10:43.469000+00:00', 'hoisted_role': None, 'deaf': False}, 'channel_id': '703956227280994470', 'guild_id': '703956227280994466'}}
2020-04-26 17:35:25,470:DEBUG:discord.client: Dispatching event socket_response
2020-04-26 17:35:25,470:DEBUG:discord.client: Dispatching event typing
2020-04-26 17:35:25,513:DEBUG:discord.client: Dispatching event socket_raw_receive
2020-04-26 17:35:25,513:DEBUG:discord.gateway: For Shard ID None: WebSocket Event: {'t': 'MESSAGE_CREATE', 's': 10, 'op': 0, 'd': {'type': 0, 'tts': False, 'timestamp': '2020-04-26T15:35:26.010000+00:00', 'pinned': False, 'nonce': '703992641712291840', 'mentions': [], 'mention_roles': [], 'mention_everyone': False, 'member': {'roles': [], 'mute': False, 'joined_at': '2020-04-26T13:10:43.469000+00:00', 'hoisted_role': None, 'deaf': False}, 'id': '703992644543578223', 'flags': 0, 'embeds': [], 'edited_timestamp': None, 'content': 'Nice', 'channel_id': '703956227280994470', 'author': {'username': 'Joshi234', 'public_flags': 0, 'id': '455370586630258688', 'discriminator': '9828', 'avatar': 'e7bb89626e3ad222b9d318a07c66956a'}, 'attachments': [], 'guild_id': '703956227280994466'}}
2020-04-26 17:35:25,513:DEBUG:discord.client: Dispatching event socket_response
2020-04-26 17:35:25,514:DEBUG:discord.client: Dispatching event message
2020-04-26 17:35:43,353:DEBUG:discord.client: Dispatching event socket_raw_receive
2020-04-26 17:35:43,353:DEBUG:discord.gateway: For Shard ID None: WebSocket Event: {'t': 'MESSAGE_CREATE', 's': 11, 'op': 0, 'd': {'type': 0, 'tts': False, 'timestamp': '2020-04-26T15:35:43.941000+00:00', 'pinned': False, 'nonce': '703992717494976512', 'mentions': [], 'mention_roles': [], 'mention_everyone': False, 'member': {'roles': [], 'premium_since': None, 'nick': None, 'mute': False, 'joined_at': '2020-04-26T13:41:00.246289+00:00', 'hoisted_role': None, 'deaf': False}, 'id': '703992719751643146', 'flags': 0, 'embeds': [], 'edited_timestamp': None, 'content': 'nice', 'channel_id': '703956227280994470', 'author': {'username': 'troy0h', 'public_flags': 256, 'id': '277403361358118913', 'discriminator': '1046', 'avatar': '03a5225d1f70ad80dcdfded1e48ced90'}, 'attachments': [], 'guild_id': '703956227280994466'}}
2020-04-26 17:35:43,353:DEBUG:discord.client: Dispatching event socket_response
2020-04-26 17:35:43,354:DEBUG:discord.client: Dispatching event message
2020-04-26 17:35:45,272:DEBUG:discord.client: Dispatching event socket_raw_receive
2020-04-26 17:35:45,273:DEBUG:discord.gateway: For Shard ID None: WebSocket Event: {'t': 'TYPING_START', 's': 12, 'op': 0, 'd': {'user_id': '277403361358118913', 'timestamp': 1587915345, 'member': {'user': {'username': 'troy0h', 'public_flags': 256, 'id': '277403361358118913', 'discriminator': '1046', 'avatar': '03a5225d1f70ad80dcdfded1e48ced90'}, 'roles': [], 'premium_since': None, 'nick': None, 'mute': False, 'joined_at': '2020-04-26T13:41:00.246289+00:00', 'hoisted_role': None, 'deaf': False}, 'channel_id': '703956227280994470', 'guild_id': '703956227280994466'}}
2020-04-26 17:35:45,273:DEBUG:discord.client: Dispatching event socket_response
2020-04-26 17:35:45,273:DEBUG:discord.client: Dispatching event typing
2020-04-26 17:35:45,783:DEBUG:discord.client: Dispatching event socket_raw_receive
2020-04-26 17:35:45,783:DEBUG:discord.gateway: For Shard ID None: WebSocket Event: {'t': 'MESSAGE_CREATE', 's': 13, 'op': 0, 'd': {'type': 0, 'tts': False, 'timestamp': '2020-04-26T15:35:46.244000+00:00', 'pinned': False, 'nonce': '703992726915383296', 'mentions': [], 'mention_roles': [], 'mention_everyone': False, 'member': {'roles': [], 'premium_since': None, 'nick': None, 'mute': False, 'joined_at': '2020-04-26T13:41:00.246289+00:00', 'hoisted_role': None, 'deaf': False}, 'id': '703992729411256361', 'flags': 0, 'embeds': [], 'edited_timestamp': None, 'content': 'send it to me plz?', 'channel_id': '703956227280994470', 'author': {'username': 'troy0h', 'public_flags': 256, 'id': '277403361358118913', 'discriminator': '1046', 'avatar': '03a5225d1f70ad80dcdfded1e48ced90'}, 'attachments': [], 'guild_id': '703956227280994466'}}
2020-04-26 17:35:45,783:DEBUG:discord.client: Dispatching event socket_response
2020-04-26 17:35:45,783:DEBUG:discord.client: Dispatching event message
2020-04-26 17:35:49,867:DEBUG:discord.gateway: Keeping websocket alive with sequence 13.
2020-04-26 17:35:49,867:DEBUG:discord.client: Dispatching event socket_raw_send
2020-04-26 17:35:49,994:DEBUG:discord.client: Dispatching event socket_raw_receive
2020-04-26 17:35:49,994:DEBUG:discord.gateway: For Shard ID None: WebSocket Event: {'t': None, 's': None, 'op': 11, 'd': None}
2020-04-26 17:35:49,994:DEBUG:discord.client: Dispatching event socket_response
2020-04-26 17:36:31,118:DEBUG:discord.gateway: Keeping websocket alive with sequence 13.
2020-04-26 17:36:31,118:DEBUG:discord.client: Dispatching event socket_raw_send
2020-04-26 17:36:31,419:DEBUG:discord.client: Dispatching event socket_raw_receive
2020-04-26 17:36:31,419:DEBUG:discord.gateway: For Shard ID None: WebSocket Event: {'t': None, 's': None, 'op': 11, 'd': None}
2020-04-26 17:36:31,419:DEBUG:discord.client: Dispatching event socket_response
2020-04-26 17:36:52,567:DEBUG:discord.client: Dispatching event socket_raw_receive
2020-04-26 17:36:52,567:DEBUG:discord.gateway: For Shard ID None: WebSocket Event: {'t': 'TYPING_START', 's': 14, 'op': 0, 'd': {'user_id': '455370586630258688', 'timestamp': 1587915413, 'member': {'user': {'username': 'Joshi234', 'id': '455370586630258688', 'discriminator': '9828', 'avatar': 'e7bb89626e3ad222b9d318a07c66956a'}, 'roles': [], 'mute': False, 'joined_at': '2020-04-26T13:10:43.469000+00:00', 'hoisted_role': None, 'deaf': False}, 'channel_id': '703956227280994470', 'guild_id': '703956227280994466'}}
2020-04-26 17:36:52,567:DEBUG:discord.client: Dispatching event socket_response
2020-04-26 17:36:52,567:DEBUG:discord.client: Dispatching event typing
2020-04-26 17:36:56,871:DEBUG:discord.client: Dispatching event socket_raw_receive
2020-04-26 17:36:56,871:DEBUG:discord.gateway: For Shard ID None: WebSocket Event: {'t': 'MESSAGE_CREATE', 's': 15, 'op': 0, 'd': {'type': 0, 'tts': False, 'timestamp': '2020-04-26T15:36:57.450000+00:00', 'pinned': False, 'nonce': '703993024891322368', 'mentions': [], 'mention_roles': [], 'mention_everyone': False, 'member': {'roles': [], 'mute': False, 'joined_at': '2020-04-26T13:10:43.469000+00:00', 'hoisted_role': None, 'deaf': False}, 'id': '703993028070866964', 'flags': 0, 'embeds': [], 'edited_timestamp': None, 'content': 'Can I have write acces plz?', 'channel_id': '703956227280994470', 'author': {'username': 'Joshi234', 'public_flags': 0, 'id': '455370586630258688', 'discriminator': '9828', 'avatar': 'e7bb89626e3ad222b9d318a07c66956a'}, 'attachments': [], 'guild_id': '703956227280994466'}}
2020-04-26 17:36:56,872:DEBUG:discord.client: Dispatching event socket_response
2020-04-26 17:36:56,872:DEBUG:discord.client: Dispatching event message
2020-04-26 17:36:59,349:DEBUG:discord.client: Dispatching event socket_raw_receive
2020-04-26 17:36:59,350:DEBUG:discord.gateway: For Shard ID None: WebSocket Event: {'t': 'TYPING_START', 's': 16, 'op': 0, 'd': {'user_id': '455370586630258688', 'timestamp': 1587915419, 'member': {'user': {'username': 'Joshi234', 'id': '455370586630258688', 'discriminator': '9828', 'avatar': 'e7bb89626e3ad222b9d318a07c66956a'}, 'roles': [], 'mute': False, 'joined_at': '2020-04-26T13:10:43.469000+00:00', 'hoisted_role': None, 'deaf': False}, 'channel_id': '703956227280994470', 'guild_id': '703956227280994466'}}
2020-04-26 17:36:59,350:DEBUG:discord.client: Dispatching event socket_response
2020-04-26 17:36:59,350:DEBUG:discord.client: Dispatching event typing
2020-04-26 17:37:00,587:DEBUG:discord.client: Dispatching event socket_raw_receive
2020-04-26 17:37:00,587:DEBUG:discord.gateway: For Shard ID None: WebSocket Event: {'t': 'MESSAGE_CREATE', 's': 17, 'op': 0, 'd': {'type': 0, 'tts': False, 'timestamp': '2020-04-26T15:37:01.067000+00:00', 'pinned': False, 'nonce': '703993040238280704', 'mentions': [], 'mention_roles': [], 'mention_everyone': False, 'member': {'roles': [], 'mute': False, 'joined_at': '2020-04-26T13:10:43.469000+00:00', 'hoisted_role': None, 'deaf': False}, 'id': '703993043241402390', 'flags': 0, 'embeds': [], 'edited_timestamp': None, 'content': 'Its easier', 'channel_id': '703956227280994470', 'author': {'username': 'Joshi234', 'public_flags': 0, 'id': '455370586630258688', 'discriminator': '9828', 'avatar': 'e7bb89626e3ad222b9d318a07c66956a'}, 'attachments': [], 'guild_id': '703956227280994466'}}
2020-04-26 17:37:00,587:DEBUG:discord.client: Dispatching event socket_response
2020-04-26 17:37:00,587:DEBUG:discord.client: Dispatching event message
2020-04-26 17:37:02,699:DEBUG:discord.client: Dispatching event socket_raw_receive
2020-04-26 17:37:02,699:DEBUG:discord.gateway: For Shard ID None: WebSocket Event: {'t': 'TYPING_START', 's': 18, 'op': 0, 'd': {'user_id': '455370586630258688', 'timestamp': 1587915423, 'member': {'user': {'username': 'Joshi234', 'id': '455370586630258688', 'discriminator': '9828', 'avatar': 'e7bb89626e3ad222b9d318a07c66956a'}, 'roles': [], 'mute': False, 'joined_at': '2020-04-26T13:10:43.469000+00:00', 'hoisted_role': None, 'deaf': False}, 'channel_id': '703956227280994470', 'guild_id': '703956227280994466'}}
2020-04-26 17:37:02,699:DEBUG:discord.client: Dispatching event socket_response
2020-04-26 17:37:02,699:DEBUG:discord.client: Dispatching event typing
2020-04-26 17:37:06,919:DEBUG:discord.client: Dispatching event socket_raw_receive
2020-04-26 17:37:06,920:DEBUG:discord.gateway: For Shard ID None: WebSocket Event: {'t': 'MESSAGE_CREATE', 's': 19, 'op': 0, 'd': {'type': 0, 'tts': False, 'timestamp': '2020-04-26T15:37:07.506000+00:00', 'pinned': False, 'nonce': '703993067094409216', 'mentions': [], 'mention_roles': [], 'mention_everyone': False, 'member': {'roles': [], 'mute': False, 'joined_at': '2020-04-26T13:10:43.469000+00:00', 'hoisted_role': None, 'deaf': False}, 'id': '703993070248788058', 'flags': 0, 'embeds': [], 'edited_timestamp': None, 'content': 'Then I can just push it', 'channel_id': '703956227280994470', 'author': {'username': 'Joshi234', 'public_flags': 0, 'id': '455370586630258688', 'discriminator': '9828', 'avatar': 'e7bb89626e3ad222b9d318a07c66956a'}, 'attachments': [], 'guild_id': '703956227280994466'}}
2020-04-26 17:37:06,920:DEBUG:discord.client: Dispatching event socket_response
2020-04-26 17:37:06,920:DEBUG:discord.client: Dispatching event message
2020-04-26 17:37:09,492:DEBUG:discord.client: Dispatching event socket_raw_receive
2020-04-26 17:37:09,492:DEBUG:discord.gateway: For Shard ID None: WebSocket Event: {'t': 'TYPING_START', 's': 20, 'op': 0, 'd': {'user_id': '277403361358118913', 'timestamp': 1587915430, 'member': {'user': {'username': 'troy0h', 'public_flags': 256, 'id': '277403361358118913', 'discriminator': '1046', 'avatar': '03a5225d1f70ad80dcdfded1e48ced90'}, 'roles': [], 'premium_since': None, 'nick': None, 'mute': False, 'joined_at': '2020-04-26T13:41:00.246289+00:00', 'hoisted_role': None, 'deaf': False}, 'channel_id': '703956227280994470', 'guild_id': '703956227280994466'}}
2020-04-26 17:37:09,492:DEBUG:discord.client: Dispatching event socket_response
2020-04-26 17:37:09,492:DEBUG:discord.client: Dispatching event typing
2020-04-26 17:37:10,129:DEBUG:discord.client: Dispatching event socket_raw_receive
2020-04-26 17:37:10,129:DEBUG:discord.gateway: For Shard ID None: WebSocket Event: {'t': 'MESSAGE_CREATE', 's': 21, 'op': 0, 'd': {'type': 0, 'tts': False, 'timestamp': '2020-04-26T15:37:10.616000+00:00', 'pinned': False, 'nonce': '703993081086607360', 'mentions': [], 'mention_roles': [], 'mention_everyone': False, 'member': {'roles': [], 'premium_since': None, 'nick': None, 'mute': False, 'joined_at': '2020-04-26T13:41:00.246289+00:00', 'hoisted_role': None, 'deaf': False}, 'id': '703993083293073419', 'flags': 0, 'embeds': [], 'edited_timestamp': None, 'content': 'idk how to add it lol', 'channel_id': '703956227280994470', 'author': {'username': 'troy0h', 'public_flags': 256, 'id': '277403361358118913', 'discriminator': '1046', 'avatar': '03a5225d1f70ad80dcdfded1e48ced90'}, 'attachments': [], 'guild_id': '703956227280994466'}}
2020-04-26 17:37:10,129:DEBUG:discord.client: Dispatching event socket_response
2020-04-26 17:37:10,129:DEBUG:discord.client: Dispatching event message
2020-04-26 17:37:10,981:DEBUG:discord.client: Dispatching event socket_raw_receive
2020-04-26 17:37:10,982:DEBUG:discord.gateway: For Shard ID None: WebSocket Event: {'t': 'MESSAGE_CREATE', 's': 22, 'op': 0, 'd': {'type': 0, 'tts': False, 'timestamp': '2020-04-26T15:37:11.456000+00:00', 'pinned': False, 'nonce': '703993084559491072', 'mentions': [], 'mention_roles': [], 'mention_everyone': False, 'member': {'roles': [], 'premium_since': None, 'nick': None, 'mute': False, 'joined_at': '2020-04-26T13:41:00.246289+00:00', 'hoisted_role': None, 'deaf': False}, 'id': '703993086816288868', 'flags': 0, 'embeds': [], 'edited_timestamp': None, 'content': '1 min', 'channel_id': '703956227280994470', 'author': {'username': 'troy0h', 'public_flags': 256, 'id': '277403361358118913', 'discriminator': '1046', 'avatar': '03a5225d1f70ad80dcdfded1e48ced90'}, 'attachments': [], 'guild_id': '703956227280994466'}}
2020-04-26 17:37:10,982:DEBUG:discord.client: Dispatching event socket_response
2020-04-26 17:37:10,982:DEBUG:discord.client: Dispatching event message
2020-04-26 17:37:12,369:DEBUG:discord.gateway: Keeping websocket alive with sequence 22.
2020-04-26 17:37:12,369:DEBUG:discord.client: Dispatching event socket_raw_send
2020-04-26 17:37:12,723:DEBUG:discord.client: Dispatching event socket_raw_receive
2020-04-26 17:37:12,723:DEBUG:discord.gateway: For Shard ID None: WebSocket Event: {'t': None, 's': None, 'op': 11, 'd': None}
2020-04-26 17:37:12,723:DEBUG:discord.client: Dispatching event socket_response
2020-04-26 17:37:53,620:DEBUG:discord.gateway: Keeping websocket alive with sequence 22.
2020-04-26 17:37:53,620:DEBUG:discord.client: Dispatching event socket_raw_send
2020-04-26 17:37:53,990:DEBUG:discord.client: Dispatching event socket_raw_receive
2020-04-26 17:37:53,991:DEBUG:discord.gateway: For Shard ID None: WebSocket Event: {'t': None, 's': None, 'op': 11, 'd': None}
2020-04-26 17:37:53,991:DEBUG:discord.client: Dispatching event socket_response
2020-04-26 17:38:34,870:DEBUG:discord.gateway: Keeping websocket alive with sequence 22.
2020-04-26 17:38:34,870:DEBUG:discord.client: Dispatching event socket_raw_send
2020-04-26 17:38:34,994:DEBUG:discord.client: Dispatching event socket_raw_receive
2020-04-26 17:38:34,995:DEBUG:discord.gateway: For Shard ID None: WebSocket Event: {'t': None, 's': None, 'op': 11, 'd': None}
2020-04-26 17:38:34,995:DEBUG:discord.client: Dispatching event socket_response
2020-04-26 17:38:47,934:DEBUG:discord.client: Dispatching event socket_raw_receive
2020-04-26 17:38:47,934:DEBUG:discord.gateway: For Shard ID None: WebSocket Event: {'t': 'TYPING_START', 's': 23, 'op': 0, 'd': {'user_id': '455370586630258688', 'timestamp': 1587915528, 'member': {'user': {'username': 'Joshi234', 'id': '455370586630258688', 'discriminator': '9828', 'avatar': 'e7bb89626e3ad222b9d318a07c66956a'}, 'roles': [], 'mute': False, 'joined_at': '2020-04-26T13:10:43.469000+00:00', 'hoisted_role': None, 'deaf': False}, 'channel_id': '703956227280994470', 'guild_id': '703956227280994466'}}
2020-04-26 17:38:47,934:DEBUG:discord.client: Dispatching event socket_response
2020-04-26 17:38:47,934:DEBUG:discord.client: Dispatching event typing
2020-04-26 17:38:51,725:DEBUG:discord.client: Dispatching event socket_raw_receive
2020-04-26 17:38:51,725:DEBUG:discord.gateway: For Shard ID None: WebSocket Event: {'t': 'MESSAGE_CREATE', 's': 24, 'op': 0, 'd': {'type': 0, 'tts': False, 'timestamp': '2020-04-26T15:38:52.295000+00:00', 'pinned': False, 'nonce': '703993506619719680', 'mentions': [], 'mention_roles': [], 'mention_everyone': False, 'member': {'roles': [], 'mute': False, 'joined_at': '2020-04-26T13:10:43.469000+00:00', 'hoisted_role': None, 'deaf': False}, 'id': '703993509765578772', 'flags': 0, 'embeds': [], 'edited_timestamp': None, 'content': 'Wait it do a pull request', 'channel_id': '703956227280994470', 'author': {'username': 'Joshi234', 'public_flags': 0, 'id': '455370586630258688', 'discriminator': '9828', 'avatar': 'e7bb89626e3ad222b9d318a07c66956a'}, 'attachments': [], 'guild_id': '703956227280994466'}}
2020-04-26 17:38:51,725:DEBUG:discord.client: Dispatching event socket_response
2020-04-26 17:38:51,725:DEBUG:discord.client: Dispatching event message
2020-04-26 17:39:04,087:DEBUG:discord.client: Dispatching event socket_raw_receive
2020-04-26 17:39:04,087:DEBUG:discord.gateway: For Shard ID None: WebSocket Event: {'t': 'PRESENCE_UPDATE', 's': 25, 'op': 0, 'd': {'user': {'id': '455370586630258688'}, 'status': 'online', 'roles': [], 'guild_id': '703956227280994466', 'game': {'type': 2, 'timestamps': {'start': 1587915542669, 'end': 1587915756438}, 'sync_id': '5SrjVeWdiF6YBVLINrwAqU', 'state': 'Choomba', 'session_id': '34c47a4725bd98aeaa22c167b18bd953', 'party': {'id': 'spotify:455370586630258688'}, 'name': 'Spotify', 'id': 'spotify:1', 'flags': 48, 'details': 'La Luh', 'created_at': 1587915544663, 'assets': {'large_text': 'La Luh', 'large_image': 'spotify:ab67616d0000b273a5346295c7a792ddc5080d84'}}, 'client_status': {'desktop': 'online'}, 'activities': [{'type': 2, 'timestamps': {'start': 1587915542669, 'end': 1587915756438}, 'sync_id': '5SrjVeWdiF6YBVLINrwAqU', 'state': 'Choomba', 'session_id': '34c47a4725bd98aeaa22c167b18bd953', 'party': {'id': 'spotify:455370586630258688'}, 'name': 'Spotify', 'id': 'spotify:1', 'flags': 48, 'details': 'La Luh', 'created_at': 1587915544663, 'assets': {'large_text': 'La Luh', 'large_image': 'spotify:ab67616d0000b273a5346295c7a792ddc5080d84'}}]}}
2020-04-26 17:39:04,087:DEBUG:discord.client: Dispatching event socket_response
2020-04-26 17:39:04,087:DEBUG:discord.client: Dispatching event member_update
2020-04-26 17:39:16,121:DEBUG:discord.gateway: Keeping websocket alive with sequence 25.
2020-04-26 17:39:16,121:DEBUG:discord.client: Dispatching event socket_raw_send
2020-04-26 17:39:16,245:DEBUG:discord.client: Dispatching event socket_raw_receive
2020-04-26 17:39:16,246:DEBUG:discord.gateway: For Shard ID None: WebSocket Event: {'t': None, 's': None, 'op': 11, 'd': None}
2020-04-26 17:39:16,246:DEBUG:discord.client: Dispatching event socket_response
2020-04-26 17:39:19,406:DEBUG:discord.client: Dispatching event socket_raw_receive
2020-04-26 17:39:19,406:DEBUG:discord.gateway: For Shard ID None: WebSocket Event: {'t': 'TYPING_START', 's': 26, 'op': 0, 'd': {'user_id': '277403361358118913', 'timestamp': 1587915559, 'member': {'user': {'username': 'troy0h', 'public_flags': 256, 'id': '277403361358118913', 'discriminator': '1046', 'avatar': '03a5225d1f70ad80dcdfded1e48ced90'}, 'roles': [], 'premium_since': None, 'nick': None, 'mute': False, 'joined_at': '2020-04-26T13:41:00.246289+00:00', 'hoisted_role': None, 'deaf': False}, 'channel_id': '703956227280994470', 'guild_id': '703956227280994466'}}
2020-04-26 17:39:19,407:DEBUG:discord.client: Dispatching event socket_response
2020-04-26 17:39:19,407:DEBUG:discord.client: Dispatching event typing
2020-04-26 17:39:25,332:DEBUG:discord.client: Dispatching event socket_raw_receive
2020-04-26 17:39:25,333:DEBUG:discord.gateway: For Shard ID None: WebSocket Event: {'t': 'MESSAGE_CREATE', 's': 27, 'op': 0, 'd': {'type': 0, 'tts': False, 'timestamp': '2020-04-26T15:39:25.749000+00:00', 'pinned': False, 'nonce': '703993647737077760', 'mentions': [], 'mention_roles': [], 'mention_everyone': False, 'member': {'roles': [], 'premium_since': None, 'nick': None, 'mute': False, 'joined_at': '2020-04-26T13:41:00.246289+00:00', 'hoisted_role': None, 'deaf': False}, 'id': '703993650081693776', 'flags': 0, 'embeds': [], 'edited_timestamp': None, 'content': 'pending invite', 'channel_id': '703956227280994470', 'author': {'username': 'troy0h', 'public_flags': 256, 'id': '277403361358118913', 'discriminator': '1046', 'avatar': '03a5225d1f70ad80dcdfded1e48ced90'}, 'attachments': [], 'guild_id': '703956227280994466'}}
2020-04-26 17:39:25,333:DEBUG:discord.client: Dispatching event socket_response
2020-04-26 17:39:25,333:DEBUG:discord.client: Dispatching event message
2020-04-26 17:39:57,372:DEBUG:discord.gateway: Keeping websocket alive with sequence 27.
2020-04-26 17:39:57,373:DEBUG:discord.client: Dispatching event socket_raw_send
2020-04-26 17:39:57,692:DEBUG:discord.client: Dispatching event socket_raw_receive
2020-04-26 17:39:57,692:DEBUG:discord.gateway: For Shard ID None: WebSocket Event: {'t': None, 's': None, 'op': 11, 'd': None}
2020-04-26 17:39:57,693:DEBUG:discord.client: Dispatching event socket_response
2020-04-26 17:40:38,623:DEBUG:discord.gateway: Keeping websocket alive with sequence 27.
2020-04-26 17:40:38,623:DEBUG:discord.client: Dispatching event socket_raw_send
2020-04-26 17:40:38,747:DEBUG:discord.client: Dispatching event socket_raw_receive
2020-04-26 17:40:38,747:DEBUG:discord.gateway: For Shard ID None: WebSocket Event: {'t': None, 's': None, 'op': 11, 'd': None}
2020-04-26 17:40:38,747:DEBUG:discord.client: Dispatching event socket_response
2020-04-26 17:41:19,875:DEBUG:discord.gateway: Keeping websocket alive with sequence 27.
2020-04-26 17:41:19,875:DEBUG:discord.client: Dispatching event socket_raw_send
2020-04-26 17:41:19,995:DEBUG:discord.client: Dispatching event socket_raw_receive
2020-04-26 17:41:19,995:DEBUG:discord.gateway: For Shard ID None: WebSocket Event: {'t': None, 's': None, 'op': 11, 'd': None}
2020-04-26 17:41:19,995:DEBUG:discord.client: Dispatching event socket_response
2020-04-26 17:41:35,055:DEBUG:discord.client: Dispatching event socket_raw_receive
2020-04-26 17:41:35,055:DEBUG:discord.gateway: For Shard ID None: WebSocket Event: {'t': 'TYPING_START', 's': 28, 'op': 0, 'd': {'user_id': '455370586630258688', 'timestamp': 1587915695, 'member': {'user': {'username': 'Joshi234', 'id': '455370586630258688', 'discriminator': '9828', 'avatar': 'e7bb89626e3ad222b9d318a07c66956a'}, 'roles': [], 'mute': False, 'joined_at': '2020-04-26T13:10:43.469000+00:00', 'hoisted_role': None, 'deaf': False}, 'channel_id': '703956227280994470', 'guild_id': '703956227280994466'}}
2020-04-26 17:41:35,055:DEBUG:discord.client: Dispatching event socket_response
2020-04-26 17:41:35,055:DEBUG:discord.client: Dispatching event typing
2020-04-26 17:41:36,758:DEBUG:discord.client: Dispatching event socket_raw_receive
2020-04-26 17:41:36,758:DEBUG:discord.gateway: For Shard ID None: WebSocket Event: {'t': 'MESSAGE_CREATE', 's': 29, 'op': 0, 'd': {'type': 0, 'tts': False, 'timestamp': '2020-04-26T15:41:37.092000+00:00', 'pinned': False, 'nonce': '703994197807464448', 'mentions': [], 'mention_roles': [], 'mention_everyone': False, 'member': {'roles': [], 'mute': False, 'joined_at': '2020-04-26T13:10:43.469000+00:00', 'hoisted_role': None, 'deaf': False}, 'id': '703994200974164029', 'flags': 0, 'embeds': [], 'edited_timestamp': None, 'content': 'accepted it', 'channel_id': '703956227280994470', 'author': {'username': 'Joshi234', 'public_flags': 0, 'id': '455370586630258688', 'discriminator': '9828', 'avatar': 'e7bb89626e3ad222b9d318a07c66956a'}, 'attachments': [], 'guild_id': '703956227280994466'}}
2020-04-26 17:41:36,758:DEBUG:discord.client: Dispatching event socket_response
2020-04-26 17:41:36,759:DEBUG:discord.client: Dispatching event message
2020-04-26 17:41:52,110:DEBUG:discord.client: Dispatching event socket_raw_receive
2020-04-26 17:41:52,110:DEBUG:discord.gateway: For Shard ID None: WebSocket Event: {'t': 'TYPING_START', 's': 30, 'op': 0, 'd': {'user_id': '277403361358118913', 'timestamp': 1587915712, 'member': {'user': {'username': 'troy0h', 'public_flags': 256, 'id': '277403361358118913', 'discriminator': '1046', 'avatar': '03a5225d1f70ad80dcdfded1e48ced90'}, 'roles': [], 'premium_since': None, 'nick': None, 'mute': False, 'joined_at': '2020-04-26T13:41:00.246289+00:00', 'hoisted_role': None, 'deaf': False}, 'channel_id': '703956227280994470', 'guild_id': '703956227280994466'}}
2020-04-26 17:41:52,111:DEBUG:discord.client: Dispatching event socket_response
2020-04-26 17:41:52,111:DEBUG:discord.client: Dispatching event typing
2020-04-26 17:41:55,806:DEBUG:discord.client: Dispatching event socket_raw_receive
2020-04-26 17:41:55,806:DEBUG:discord.gateway: For Shard ID None: WebSocket Event: {'t': 'MESSAGE_CREATE', 's': 31, 'op': 0, 'd': {'type': 0, 'tts': False, 'timestamp': '2020-04-26T15:41:56.389000+00:00', 'pinned': False, 'nonce': '703994279621558272', 'mentions': [], 'mention_roles': [], 'mention_everyone': False, 'member': {'roles': [], 'premium_since': None, 'nick': None, 'mute': False, 'joined_at': '2020-04-26T13:41:00.246289+00:00', 'hoisted_role': None, 'deaf': False}, 'id': '703994281911779398', 'flags': 0, 'embeds': [], 'edited_timestamp': None, 'content': 'you should be able to push updates yourself now', 'channel_id': '703956227280994470', 'author': {'username': 'troy0h', 'public_flags': 256, 'id': '277403361358118913', 'discriminator': '1046', 'avatar': '03a5225d1f70ad80dcdfded1e48ced90'}, 'attachments': [], 'guild_id': '703956227280994466'}}
2020-04-26 17:41:55,806:DEBUG:discord.client: Dispatching event socket_response
2020-04-26 17:41:55,806:DEBUG:discord.client: Dispatching event message
2020-04-26 17:42:01,125:DEBUG:discord.gateway: Keeping websocket alive with sequence 31.
2020-04-26 17:42:01,125:DEBUG:discord.client: Dispatching event socket_raw_send
2020-04-26 17:42:01,268:DEBUG:discord.client: Dispatching event socket_raw_receive
2020-04-26 17:42:01,268:DEBUG:discord.gateway: For Shard ID None: WebSocket Event: {'t': None, 's': None, 'op': 11, 'd': None}
2020-04-26 17:42:01,268:DEBUG:discord.client: Dispatching event socket_response
2020-04-26 17:42:32,843:DEBUG:discord.client: Dispatching event socket_raw_receive
2020-04-26 17:42:32,843:DEBUG:discord.gateway: For Shard ID None: WebSocket Event: {'t': 'PRESENCE_UPDATE', 's': 32, 'op': 0, 'd': {'user': {'id': '455370586630258688'}, 'status': 'online', 'roles': [], 'guild_id': '703956227280994466', 'game': {'type': 2, 'timestamps': {'start': 1587915752300, 'end': 1587916021700}, 'sync_id': '5TQxS54o7gw5KOxikHxnUi', 'state': 'Chris Lake; Solardo', 'session_id': '34c47a4725bd98aeaa22c167b18bd953', 'party': {'id': 'spotify:455370586630258688'}, 'name': 'Spotify', 'id': 'spotify:1', 'flags': 48, 'details': 'Free Your Body', 'created_at': 1587915753418, 'assets': {'large_text': 'Free Your Body', 'large_image': 'spotify:ab67616d0000b273d42d8b045eed5b6eca1c598a'}}, 'client_status': {'desktop': 'online'}, 'activities': [{'type': 2, 'timestamps': {'start': 1587915752300, 'end': 1587916021700}, 'sync_id': '5TQxS54o7gw5KOxikHxnUi', 'state': 'Chris Lake; Solardo', 'session_id': '34c47a4725bd98aeaa22c167b18bd953', 'party': {'id': 'spotify:455370586630258688'}, 'name': 'Spotify', 'id': 'spotify:1', 'flags': 48, 'details': 'Free Your Body', 'created_at': 1587915753418, 'assets': {'large_text': 'Free Your Body', 'large_image': 'spotify:ab67616d0000b273d42d8b045eed5b6eca1c598a'}}]}}
2020-04-26 17:42:32,844:DEBUG:discord.client: Dispatching event socket_response
2020-04-26 17:42:32,844:DEBUG:discord.client: Dispatching event member_update
2020-04-26 17:42:42,377:DEBUG:discord.gateway: Keeping websocket alive with sequence 32.
2020-04-26 17:42:42,377:DEBUG:discord.client: Dispatching event socket_raw_send
2020-04-26 17:42:42,502:DEBUG:discord.client: Dispatching event socket_raw_receive
2020-04-26 17:42:42,502:DEBUG:discord.gateway: For Shard ID None: WebSocket Event: {'t': None, 's': None, 'op': 11, 'd': None}
2020-04-26 17:42:42,502:DEBUG:discord.client: Dispatching event socket_response
